0 info it worked if it ends with ok
1 verbose cli [ '/Users/henrik/.nvm/versions/node/v4.1.0/bin/node',
1 verbose cli   '/Users/henrik/.nvm/versions/node/v4.1.0/bin/npm',
1 verbose cli   'run',
1 verbose cli   'yolo' ]
2 info using npm@3.3.10
3 info using node@v4.1.0
4 verbose run-script [ 'preyolo', 'yolo', 'postyolo' ]
5 info lifecycle library-client@0.1.0~preyolo: library-client@0.1.0
6 silly lifecycle library-client@0.1.0~preyolo: no script for preyolo, continuing
7 info lifecycle library-client@0.1.0~yolo: library-client@0.1.0
8 verbose lifecycle library-client@0.1.0~yolo: unsafe-perm in lifecycle true
9 verbose lifecycle library-client@0.1.0~yolo: PATH: /Users/henrik/.nvm/versions/node/v4.1.0/lib/node_modules/npm/bin/node-gyp-bin:/Users/henrik/Sites/edui/node_modules/.bin:/Users/henrik/.nvm/versions/node/v4.1.0/bin:/usr/local/heroku/bin:/usr/local/bin:/usr/bin:/bin:/usr/sbin:/sbin:/usr/local/git/bin
10 verbose lifecycle library-client@0.1.0~yolo: CWD: /Users/henrik/Sites/edui
11 silly lifecycle library-client@0.1.0~yolo: Args: [ '-c',
11 silly lifecycle   'npm run auto-commit && npm version minor && git push origin master --tags && npm run build && npm run deploy' ]
12 silly lifecycle library-client@0.1.0~yolo: Returned: code: 1  signal: null
13 info lifecycle library-client@0.1.0~yolo: Failed to exec yolo script
14 verbose stack Error: library-client@0.1.0 yolo: `npm run auto-commit && npm version minor && git push origin master --tags && npm run build && npm run deploy`
14 verbose stack Exit status 1
14 verbose stack     at EventEmitter.<anonymous> (/Users/henrik/.nvm/versions/node/v4.1.0/lib/node_modules/npm/lib/utils/lifecycle.js:232:16)
14 verbose stack     at emitTwo (events.js:87:13)
14 verbose stack     at EventEmitter.emit (events.js:172:7)
14 verbose stack     at ChildProcess.<anonymous> (/Users/henrik/.nvm/versions/node/v4.1.0/lib/node_modules/npm/lib/utils/spawn.js:24:14)
14 verbose stack     at emitTwo (events.js:87:13)
14 verbose stack     at ChildProcess.emit (events.js:172:7)
14 verbose stack     at maybeClose (internal/child_process.js:817:16)
14 verbose stack     at Process.ChildProcess._handle.onexit (internal/child_process.js:211:5)
15 verbose pkgid library-client@0.1.0
16 verbose cwd /Users/henrik/Sites/edui
17 error Darwin 15.0.0
18 error argv "/Users/henrik/.nvm/versions/node/v4.1.0/bin/node" "/Users/henrik/.nvm/versions/node/v4.1.0/bin/npm" "run" "yolo"
19 error node v4.1.0
20 error npm  v3.3.10
21 error code ELIFECYCLE
22 error library-client@0.1.0 yolo: `npm run auto-commit && npm version minor && git push origin master --tags && npm run build && npm run deploy`
22 error Exit status 1
23 error Failed at the library-client@0.1.0 yolo script 'npm run auto-commit && npm version minor && git push origin master --tags && npm run build && npm run deploy'.
23 error Make sure you have the latest version of node.js and npm installed.
23 error If you do, this is most likely a problem with the library-client package,
23 error not with npm itself.
23 error Tell the author that this fails on your system:
23 error     npm run auto-commit && npm version minor && git push origin master --tags && npm run build && npm run deploy
23 error You can get their info via:
23 error     npm owner ls library-client
23 error There is likely additional logging output above.
24 verbose exit [ 1, true ]
